Oct 3, 2011 2:51:32 PM com.x.infra.xfabric.main.LaunchWar startNewServer
INFO: Starting 'xfabric-manager'
Oct 3, 2011 2:51:32 PM com.x.infra.xfabric.util.JettyJDKLogger info
INFO: jetty-6.1.x
Oct 3, 2011 2:51:32 PM com.x.infra.xfabric.util.JettyJDKLogger info
INFO: Extract /private/var/folders/lh/lhVgPjy+HeOZq-Bpi-6urkOCVy6/-Tmp-/xfabric-manager5845740325300745286.tmp to /var/folders/lh/lhVgPjy+HeOZq-Bpi-6urkOCVy6/-Tmp-/Jetty_0_0_0_0_8079_xfabric.manager5845740325300745286.tmp____sjax47/webapp
Oct 3, 2011 2:51:33 PM com.x.infra.xfabric.util.JettyJDKLogger info
INFO: Initializing Spring root WebApplicationContext
Oct 3, 2011 2:51:33 PM org.springframework.web.context.ContextLoader initWebApplicationContext
INFO: Root WebApplicationContext: initialization started
Oct 3, 2011 2:51:33 PM org.springframework.context.support.AbstractApplicationContext prepareRefresh
INFO: Refreshing Root WebApplicationContext: startup date [Mon Oct 03 14:51:33 CDT 2011]; root of context hierarchy
Oct 3, 2011 2:51:33 PM org.springframework.beans.factory.xml.XmlBeanDefinitionReader loadBeanDefinitions
INFO: Loading XML bean definitions from ServletContext resource [/WEB-INF/applicationContext-security.xml]
Oct 3, 2011 2:51:33 PM org.springframework.security.core.SpringSecurityCoreVersion <clinit>
INFO: You are running with Spring Security Core 3.1.0.RC3
Oct 3, 2011 2:51:33 PM org.springframework.security.config.SecurityNamespaceHandler <init>
INFO: Spring Security 'config' module version is 3.1.0.RC3
Oct 3, 2011 2:51:33 PM org.springframework.security.config.http.FilterInvocationSecurityMetadataSourceParser parseInterceptUrlsForFilterInvocationRequestMap
INFO: Creating access control expression attribute 'isAuthenticated()' for /**
Oct 3, 2011 2:51:33 PM org.springframework.security.config.http.HttpSecurityBeanDefinitionParser checkFilterChainOrder
INFO: Checking sorted filter chain: [Root bean: class [org.springframework.security.web.context.SecurityContextPersistenceFilter]; scope=; abstract=false; lazyInit=false; autowireMode=0; dependencyCheck=0; autowireCandidate=true; primary=false; factoryBeanName=null; factoryMethodName=null; initMethodName=null; destroyMethodName=null, order = 300, Root bean: class [org.springframework.security.web.authentication.logout.LogoutFilter]; scope=; abstract=false; lazyInit=false; autowireMode=0; dependencyCheck=0; autowireCandidate=true; primary=false; factoryBeanName=null; factoryMethodName=null; initMethodName=null; destroyMethodName=null, order = 400, <org.springframework.security.web.authentication.UsernamePasswordAuthenticationFilter#0>, order = 800, Root bean: class [org.springframework.security.web.savedrequest.RequestCacheAwareFilter]; scope=; abstract=false; lazyInit=false; autowireMode=0; dependencyCheck=0; autowireCandidate=true; primary=false; factoryBeanName=null; factoryMethodName=null; initMethodName=null; destroyMethodName=null, order = 1300, Root bean: class [org.springframework.security.web.servletapi.SecurityContextHolderAwareRequestFilter]; scope=; abstract=false; lazyInit=false; autowireMode=0; dependencyCheck=0; autowireCandidate=true; primary=false; factoryBeanName=null; factoryMethodName=null; initMethodName=null; destroyMethodName=null, order = 1400, Root bean: class [org.springframework.security.web.authentication.AnonymousAuthenticationFilter]; scope=; abstract=false; lazyInit=false; autowireMode=0; dependencyCheck=0; autowireCandidate=true; primary=false; factoryBeanName=null; factoryMethodName=null; initMethodName=null; destroyMethodName=null, order = 1700, Root bean: class [org.springframework.security.web.session.SessionManagementFilter]; scope=; abstract=false; lazyInit=false; autowireMode=0; dependencyCheck=0; autowireCandidate=true; primary=false; factoryBeanName=null; factoryMethodName=null; initMethodName=null; destroyMethodName=null, order = 1800, Root bean: class [org.springframework.security.web.access.ExceptionTranslationFilter]; scope=; abstract=false; lazyInit=false; autowireMode=0; dependencyCheck=0; autowireCandidate=true; primary=false; factoryBeanName=null; factoryMethodName=null; initMethodName=null; destroyMethodName=null, order = 1900, <org.springframework.security.web.access.intercept.FilterSecurityInterceptor#0>, order = 2000]
Oct 3, 2011 2:51:33 PM org.springframework.beans.factory.support.DefaultListableBeanFactory preInstantiateSingletons
INFO: Pre-instantiating singletons in org.springframework.beans.factory.support.DefaultListableBeanFactory@340523df: defining beans [org.springframework.security.filterChains,org.springframework.security.filterChainProxy,org.springframework.security.web.DefaultSecurityFilterChain#0,org.springframework.security.web.DefaultSecurityFilterChain#1,org.springframework.security.web.DefaultSecurityFilterChain#2,org.springframework.security.web.DefaultSecurityFilterChain#3,org.springframework.security.web.DefaultSecurityFilterChain#4,org.springframework.security.web.DefaultSecurityFilterChain#5,org.springframework.security.web.DefaultSecurityFilterChain#6,org.springframework.security.web.DefaultSecurityFilterChain#7,org.springframework.security.web.PortMapperImpl#0,org.springframework.security.authentication.ProviderManager#0,org.springframework.security.web.context.HttpSessionSecurityContextRepository#0,org.springframework.security.web.authentication.session.SessionFixationProtectionStrategy#0,org.springframework.security.web.savedrequest.HttpSessionRequestCache#0,org.springframework.security.web.access.expression.DefaultWebSecurityExpressionHandler#0,org.springframework.security.access.vote.AffirmativeBased#0,org.springframework.security.web.access.intercept.FilterSecurityInterceptor#0,org.springframework.security.web.access.DefaultWebInvocationPrivilegeEvaluator#0,org.springframework.security.authentication.AnonymousAuthenticationProvider#0,org.springframework.security.web.authentication.UsernamePasswordAuthenticationFilter#0,org.springframework.security.userDetailsServiceFactory,org.springframework.security.web.DefaultSecurityFilterChain#8,encoder,org.springframework.security.authentication.dao.DaoAuthenticationProvider#0,org.springframework.security.authentication.DefaultAuthenticationEventPublisher#0,org.springframework.security.authenticationManager,authFilterPostProcessor,userDetailsService]; root of factory hierarchy
Oct 3, 2011 2:51:34 PM org.springframework.context.support.AbstractApplicationContext prepareRefresh
INFO: Refreshing org.springframework.context.support.ClassPathXmlApplicationContext@2c6691da: startup date [Mon Oct 03 14:51:34 CDT 2011]; root of context hierarchy
Oct 3, 2011 2:51:34 PM org.springframework.beans.factory.xml.XmlBeanDefinitionReader loadBeanDefinitions
INFO: Loading XML bean definitions from class path resource [xfabric-config-context.xml]
Oct 3, 2011 2:51:34 PM org.springframework.beans.factory.support.DefaultListableBeanFactory preInstantiateSingletons
INFO: Pre-instantiating singletons in org.springframework.beans.factory.support.DefaultListableBeanFactory@5d684e26: defining beans [xFabricMongoFactory]; root of factory hierarchy
Oct 3, 2011 2:51:34 PM org.springframework.security.config.http.DefaultFilterChainValidator checkLoginPageIsntProtected
INFO: Checking whether login URL '/jsp/login.jsp' is accessible with your configuration
Oct 3, 2011 2:51:34 PM org.springframework.web.context.ContextLoader initWebApplicationContext
INFO: Root WebApplicationContext: initialization completed in 1488 ms
Oct 3, 2011 2:51:35 PM org.springframework.context.support.AbstractApplicationContext prepareRefresh
INFO: Refreshing org.springframework.context.support.ClassPathXmlApplicationContext@3cbe7667: startup date [Mon Oct 03 14:51:35 CDT 2011]; root of context hierarchy
Oct 3, 2011 2:51:35 PM org.springframework.beans.factory.xml.XmlBeanDefinitionReader loadBeanDefinitions
INFO: Loading XML bean definitions from class path resource [xfabric-config-context.xml]
Oct 3, 2011 2:51:35 PM org.springframework.beans.factory.support.DefaultListableBeanFactory preInstantiateSingletons
INFO: Pre-instantiating singletons in org.springframework.beans.factory.support.DefaultListableBeanFactory@469e0c2d: defining beans [xFabricMongoFactory]; root of factory hierarchy
Oct 3, 2011 2:51:35 PM com.x.infra.xfabric.manager.InitServlet init
INFO: Manager URI: http://127.0.0.1:8079
Oct 3, 2011 2:51:35 PM com.x.infra.xfabric.manager.util.ManagerInit bootstrapTopicData
INFO: Initialize XManager Defaults
Oct 3, 2011 2:51:35 PM com.x.infra.xfabric.manager.util.RouteRegistration doRegisterInternal
INFO: Adding bootstrap route for topic /xfabric/capability/endpoint and capability XManager
Oct 3, 2011 2:51:35 PM com.x.infra.xfabric.manager.util.RouteRegistration doRegisterInternal
INFO: Adding bootstrap route for topic /xfabric/topic/define and capability XManager
Oct 3, 2011 2:51:35 PM com.x.infra.xfabric.manager.util.RouteRegistration doRegisterInternal
INFO: Adding bootstrap route for topic /xfabric/topic/registration and capability XManager
Oct 3, 2011 2:51:35 PM com.x.infra.xfabric.manager.util.ManagerInit bootstrapTopicData
INFO: Bootstrapping data (start)
Oct 3, 2011 2:51:35 PM com.x.infra.xfabric.manager.util.ManagerInit readTopicDefinitions
INFO: Adding bootstrap topic [/log,false]
Oct 3, 2011 2:51:35 PM com.x.infra.xfabric.manager.util.ManagerInit readTopicDefinitions
INFO: Adding bootstrap topic [/ping,true]
Oct 3, 2011 2:51:35 PM com.x.infra.xfabric.manager.util.ManagerInit readTopicDefinitions
INFO: Adding bootstrap topic [/pong,true]
Oct 3, 2011 2:51:35 PM com.x.infra.xfabric.manager.util.ManagerInit readTopicDefinitions
INFO: Adding bootstrap topic [/marketplace/site/find,true]
Oct 3, 2011 2:51:35 PM com.x.infra.xfabric.manager.util.ManagerInit readTopicDefinitions
INFO: Adding bootstrap topic [/marketplace/category/find,true]
Oct 3, 2011 2:51:35 PM com.x.infra.xfabric.manager.util.ManagerInit readTopicDefinitions
INFO: Adding bootstrap topic [/marketplace/policies/find,true]
Oct 3, 2011 2:51:35 PM com.x.infra.xfabric.manager.util.ManagerInit readTopicDefinitions
INFO: Adding bootstrap topic [/marketplace/returnPolicy/find,true]
Oct 3, 2011 2:51:35 PM com.x.infra.xfabric.manager.util.ManagerInit readTopicDefinitions
INFO: Adding bootstrap topic [/marketplace/shippingService/find,true]
Oct 3, 2011 2:51:35 PM com.x.infra.xfabric.manager.util.ManagerInit readTopicDefinitions
INFO: Adding bootstrap topic [/marketplace/currency/find,true]
Oct 3, 2011 2:51:35 PM com.x.infra.xfabric.manager.util.ManagerInit readTopicDefinitions
INFO: Adding bootstrap topic [/marketplace/paymentMethod/find,true]
Oct 3, 2011 2:51:35 PM com.x.infra.xfabric.manager.util.ManagerInit readTopicDefinitions
INFO: Adding bootstrap topic [/marketplace/profile/create,true]
Oct 3, 2011 2:51:35 PM com.x.infra.xfabric.manager.util.ManagerInit readTopicDefinitions
INFO: Adding bootstrap topic [/marketplace/profile/find,true]
Oct 3, 2011 2:51:35 PM com.x.infra.xfabric.manager.util.ManagerInit readTopicDefinitions
INFO: Adding bootstrap topic [/marketplace/profile/update,true]
Oct 3, 2011 2:51:35 PM com.x.infra.xfabric.manager.util.ManagerInit readTopicDefinitions
INFO: Adding bootstrap topic [/marketplace/profile/delete,true]
Oct 3, 2011 2:51:35 PM com.x.infra.xfabric.manager.util.ManagerInit readTopicDefinitions
INFO: Adding bootstrap topic [/listing/create,true]
Oct 3, 2011 2:51:35 PM com.x.infra.xfabric.manager.util.ManagerInit readTopicDefinitions
INFO: Adding bootstrap topic [/listing/find,true]
Oct 3, 2011 2:51:35 PM com.x.infra.xfabric.manager.util.ManagerInit readTopicDefinitions
INFO: Adding bootstrap topic [/listing/update,true]
Oct 3, 2011 2:51:35 PM com.x.infra.xfabric.manager.util.ManagerInit readTopicDefinitions
INFO: Adding bootstrap topic [/listing/cancel,true]
Oct 3, 2011 2:51:35 PM com.x.infra.xfabric.manager.util.ManagerInit readTopicDefinitions
INFO: Adding bootstrap topic [/order/find,true]
Oct 3, 2011 2:51:35 PM com.x.infra.xfabric.manager.util.ManagerInit readTopicDefinitions
INFO: Adding bootstrap topic [/order/update,true]
Oct 3, 2011 2:51:35 PM com.x.infra.xfabric.manager.util.ManagerInit readTopicDefinitions
INFO: Adding bootstrap topic [/productType/find,true]
Oct 3, 2011 2:51:35 PM com.x.infra.xfabric.manager.util.ManagerInit readTopicDefinitions
INFO: Adding bootstrap topic [/productType/attributeMetadata/get,true]
Oct 3, 2011 2:51:35 PM com.x.infra.xfabric.manager.util.ManagerInit readTopicDefinitions
INFO: Adding bootstrap topic [/productType/find/success,true]
Oct 3, 2011 2:51:35 PM com.x.infra.xfabric.manager.util.ManagerInit readTopicDefinitions
INFO: Adding bootstrap topic [/productType/find/fail,true]
Oct 3, 2011 2:51:35 PM com.x.infra.xfabric.manager.util.ManagerInit readTopicDefinitions
INFO: Adding bootstrap topic [/productType/attributeMetadata/get/success,true]
Oct 3, 2011 2:51:35 PM com.x.infra.xfabric.manager.util.ManagerInit readTopicDefinitions
INFO: Adding bootstrap topic [/productType/attributeMetadata/get/fail,true]
Oct 3, 2011 2:51:35 PM com.x.infra.xfabric.manager.util.ManagerInit readTopicDefinitions
INFO: Adding bootstrap topic [/marketplace/site/find/success,true]
Oct 3, 2011 2:51:35 PM com.x.infra.xfabric.manager.util.ManagerInit readTopicDefinitions
INFO: Adding bootstrap topic [/marketplace/category/find/success,true]
Oct 3, 2011 2:51:35 PM com.x.infra.xfabric.manager.util.ManagerInit readTopicDefinitions
INFO: Adding bootstrap topic [/marketplace/policies/find/success,true]
Oct 3, 2011 2:51:35 PM com.x.infra.xfabric.manager.util.ManagerInit readTopicDefinitions
INFO: Adding bootstrap topic [/marketplace/returnPolicy/find/success,true]
Oct 3, 2011 2:51:35 PM com.x.infra.xfabric.manager.util.ManagerInit readTopicDefinitions
INFO: Adding bootstrap topic [/marketplace/shippingService/find/success,true]
Oct 3, 2011 2:51:35 PM com.x.infra.xfabric.manager.util.ManagerInit readTopicDefinitions
INFO: Adding bootstrap topic [/marketplace/currency/find/success,true]
Oct 3, 2011 2:51:35 PM com.x.infra.xfabric.manager.util.ManagerInit readTopicDefinitions
INFO: Adding bootstrap topic [/marketplace/paymentMethod/find/success,true]
Oct 3, 2011 2:51:35 PM com.x.infra.xfabric.manager.util.ManagerInit readTopicDefinitions
INFO: Adding bootstrap topic [/marketplace/authorization/init/success,true]
Oct 3, 2011 2:51:35 PM com.x.infra.xfabric.manager.util.ManagerInit readTopicDefinitions
INFO: Adding bootstrap topic [/marketplace/profile/create/success,true]
Oct 3, 2011 2:51:35 PM com.x.infra.xfabric.manager.util.ManagerInit readTopicDefinitions
INFO: Adding bootstrap topic [/marketplace/profile/create/fail,true]
Oct 3, 2011 2:51:35 PM com.x.infra.xfabric.manager.util.ManagerInit readTopicDefinitions
INFO: Adding bootstrap topic [/marketplace/profile/find/success,true]
Oct 3, 2011 2:51:35 PM com.x.infra.xfabric.manager.util.ManagerInit readTopicDefinitions
INFO: Adding bootstrap topic [/marketplace/profile/update/success,true]
Oct 3, 2011 2:51:35 PM com.x.infra.xfabric.manager.util.ManagerInit readTopicDefinitions
INFO: Adding bootstrap topic [/marketplace/profile/delete/success,true]
Oct 3, 2011 2:51:35 PM com.x.infra.xfabric.manager.util.ManagerInit readTopicDefinitions
INFO: Adding bootstrap topic [/listing/create/success,true]
Oct 3, 2011 2:51:35 PM com.x.infra.xfabric.manager.util.ManagerInit readTopicDefinitions
INFO: Adding bootstrap topic [/listing/create/fail,true]
Oct 3, 2011 2:51:35 PM com.x.infra.xfabric.manager.util.ManagerInit readTopicDefinitions
INFO: Adding bootstrap topic [/listing/find/success,true]
Oct 3, 2011 2:51:35 PM com.x.infra.xfabric.manager.util.ManagerInit readTopicDefinitions
INFO: Adding bootstrap topic [/listing/update/success,true]
Oct 3, 2011 2:51:35 PM com.x.infra.xfabric.manager.util.ManagerInit readTopicDefinitions
INFO: Adding bootstrap topic [/listing/update/fail,true]
Oct 3, 2011 2:51:35 PM com.x.infra.xfabric.manager.util.ManagerInit readTopicDefinitions
INFO: Adding bootstrap topic [/listing/cancel/success,true]
Oct 3, 2011 2:51:35 PM com.x.infra.xfabric.manager.util.ManagerInit readTopicDefinitions
INFO: Adding bootstrap topic [/listing/cancel/fail,true]
Oct 3, 2011 2:51:35 PM com.x.infra.xfabric.manager.util.ManagerInit readTopicDefinitions
INFO: Adding bootstrap topic [/order/find/success,true]
Oct 3, 2011 2:51:35 PM com.x.infra.xfabric.manager.util.ManagerInit readTopicDefinitions
INFO: Adding bootstrap topic [/order/update/success,true]
Oct 3, 2011 2:51:35 PM com.x.infra.xfabric.manager.util.ManagerInit readTopicDefinitions
INFO: Adding bootstrap topic [/order/update/fail,true]
Oct 3, 2011 2:51:35 PM com.x.infra.xfabric.manager.util.RouteRegistration doRegisterInternal
INFO: Adding bootstrap route for topic /log and capability logger
Oct 3, 2011 2:51:35 PM com.x.infra.xfabric.manager.util.RouteRegistration doRegisterInternal
INFO: Adding bootstrap route for topic /marketplace/site/find and capability eBay Marketplace Adapter
Oct 3, 2011 2:51:35 PM com.x.infra.xfabric.manager.util.RouteRegistration doRegisterInternal
INFO: Adding bootstrap route for topic /marketplace/category/find and capability eBay Marketplace Adapter
Oct 3, 2011 2:51:35 PM com.x.infra.xfabric.manager.util.RouteRegistration doRegisterInternal
INFO: Adding bootstrap route for topic /marketplace/policies/find and capability eBay Marketplace Adapter
Oct 3, 2011 2:51:35 PM com.x.infra.xfabric.manager.util.RouteRegistration doRegisterInternal
INFO: Adding bootstrap route for topic /marketplace/returnPolicy/find and capability eBay Marketplace Adapter
Oct 3, 2011 2:51:35 PM com.x.infra.xfabric.manager.util.RouteRegistration doRegisterInternal
INFO: Adding bootstrap route for topic /marketplace/shippingService/find and capability eBay Marketplace Adapter
Oct 3, 2011 2:51:35 PM com.x.infra.xfabric.manager.util.RouteRegistration doRegisterInternal
INFO: Adding bootstrap route for topic /marketplace/currency/find and capability eBay Marketplace Adapter
Oct 3, 2011 2:51:35 PM com.x.infra.xfabric.manager.util.RouteRegistration doRegisterInternal
INFO: Adding bootstrap route for topic /marketplace/paymentMethod/find and capability eBay Marketplace Adapter
Oct 3, 2011 2:51:35 PM com.x.infra.xfabric.manager.util.RouteRegistration doRegisterInternal
INFO: Adding bootstrap route for topic /marketplace/profile/create and capability eBay Marketplace Adapter
Oct 3, 2011 2:51:35 PM com.x.infra.xfabric.manager.util.RouteRegistration doRegisterInternal
INFO: Adding bootstrap route for topic /marketplace/profile/find and capability eBay Marketplace Adapter
Oct 3, 2011 2:51:36 PM com.x.infra.xfabric.manager.util.RouteRegistration doRegisterInternal
INFO: Adding bootstrap route for topic /marketplace/profile/update and capability eBay Marketplace Adapter
Oct 3, 2011 2:51:36 PM com.x.infra.xfabric.manager.util.RouteRegistration doRegisterInternal
INFO: Adding bootstrap route for topic /marketplace/profile/delete and capability eBay Marketplace Adapter
Oct 3, 2011 2:51:36 PM com.x.infra.xfabric.manager.util.RouteRegistration doRegisterInternal
INFO: Adding bootstrap route for topic /listing/create and capability eBay Marketplace Adapter
Oct 3, 2011 2:51:36 PM com.x.infra.xfabric.manager.util.RouteRegistration doRegisterInternal
INFO: Adding bootstrap route for topic /listing/find and capability eBay Marketplace Adapter
Oct 3, 2011 2:51:36 PM com.x.infra.xfabric.manager.util.RouteRegistration doRegisterInternal
INFO: Adding bootstrap route for topic /listing/update and capability eBay Marketplace Adapter
Oct 3, 2011 2:51:36 PM com.x.infra.xfabric.manager.util.RouteRegistration doRegisterInternal
INFO: Adding bootstrap route for topic /listing/cancel and capability eBay Marketplace Adapter
Oct 3, 2011 2:51:36 PM com.x.infra.xfabric.manager.util.RouteRegistration doRegisterInternal
INFO: Adding bootstrap route for topic /order/find and capability eBay Marketplace Adapter
Oct 3, 2011 2:51:36 PM com.x.infra.xfabric.manager.util.RouteRegistration doRegisterInternal
INFO: Adding bootstrap route for topic /order/update and capability eBay Marketplace Adapter
Oct 3, 2011 2:51:36 PM com.x.infra.xfabric.manager.util.RouteRegistration doRegisterInternal
INFO: Adding bootstrap route for topic /productType/find and capability Catalog
Oct 3, 2011 2:51:36 PM com.x.infra.xfabric.manager.util.RouteRegistration doRegisterInternal
INFO: Adding bootstrap route for topic /productType/attributeMetadata/get and capability Catalog
Oct 3, 2011 2:51:36 PM com.x.infra.xfabric.manager.util.RouteRegistration doRegisterInternal
INFO: Adding bootstrap route for topic /productType/find/success and capability Magento Store Front
Oct 3, 2011 2:51:36 PM com.x.infra.xfabric.manager.util.RouteRegistration doRegisterInternal
INFO: Adding bootstrap route for topic /productType/find/fail and capability Magento Store Front
Oct 3, 2011 2:51:36 PM com.x.infra.xfabric.manager.util.RouteRegistration doRegisterInternal
INFO: Adding bootstrap route for topic /productType/attributeMetadata/get/success and capability Magento Store Front
Oct 3, 2011 2:51:36 PM com.x.infra.xfabric.manager.util.RouteRegistration doRegisterInternal
INFO: Adding bootstrap route for topic /productType/attributeMetadata/get/fail and capability Magento Store Front
Oct 3, 2011 2:51:36 PM com.x.infra.xfabric.manager.util.ManagerInit bootstrapTopicData
INFO: Bootstrapping data (finished)
Oct 3, 2011 2:51:36 PM org.springframework.context.support.AbstractApplicationContext prepareRefresh
INFO: Refreshing org.springframework.context.support.ClassPathXmlApplicationContext@19e06de8: startup date [Mon Oct 03 14:51:36 CDT 2011]; root of context hierarchy
Oct 3, 2011 2:51:36 PM org.springframework.beans.factory.xml.XmlBeanDefinitionReader loadBeanDefinitions
INFO: Loading XML bean definitions from class path resource [xfabric-config-context.xml]
Oct 3, 2011 2:51:36 PM org.springframework.beans.factory.support.DefaultListableBeanFactory preInstantiateSingletons
INFO: Pre-instantiating singletons in org.springframework.beans.factory.support.DefaultListableBeanFactory@322b2057: defining beans [xFabricMongoFactory]; root of factory hierarchy
Oct 3, 2011 2:51:36 PM com.x.infra.xfabric.manager.XManagerServlet doInit
INFO: Manager Config: [db:[name:XFabric,Mongo: 127.0.0.1:27017]]
Oct 3, 2011 2:51:36 PM org.springframework.context.support.AbstractApplicationContext prepareRefresh
INFO: Refreshing org.springframework.context.support.ClassPathXmlApplicationContext@76190efc: startup date [Mon Oct 03 14:51:36 CDT 2011]; root of context hierarchy
Oct 3, 2011 2:51:36 PM org.springframework.beans.factory.xml.XmlBeanDefinitionReader loadBeanDefinitions
INFO: Loading XML bean definitions from class path resource [xfabric-config-context.xml]
Oct 3, 2011 2:51:36 PM org.springframework.beans.factory.support.DefaultListableBeanFactory preInstantiateSingletons
INFO: Pre-instantiating singletons in org.springframework.beans.factory.support.DefaultListableBeanFactory@7570b819: defining beans [xFabricMongoFactory]; root of factory hierarchy
Oct 3, 2011 2:51:36 PM org.springframework.context.support.AbstractApplicationContext prepareRefresh
INFO: Refreshing org.springframework.context.support.ClassPathXmlApplicationContext@63220fd1: startup date [Mon Oct 03 14:51:36 CDT 2011]; root of context hierarchy
Oct 3, 2011 2:51:36 PM org.springframework.beans.factory.xml.XmlBeanDefinitionReader loadBeanDefinitions
INFO: Loading XML bean definitions from class path resource [xfabric-config-context.xml]
Oct 3, 2011 2:51:36 PM org.springframework.beans.factory.support.DefaultListableBeanFactory preInstantiateSingletons
INFO: Pre-instantiating singletons in org.springframework.beans.factory.support.DefaultListableBeanFactory@39bde3d2: defining beans [xFabricMongoFactory]; root of factory hierarchy
Oct 3, 2011 2:51:36 PM org.springframework.context.support.AbstractApplicationContext prepareRefresh
INFO: Refreshing org.springframework.context.support.ClassPathXmlApplicationContext@123e1d25: startup date [Mon Oct 03 14:51:36 CDT 2011]; root of context hierarchy
Oct 3, 2011 2:51:36 PM org.springframework.beans.factory.xml.XmlBeanDefinitionReader loadBeanDefinitions
INFO: Loading XML bean definitions from class path resource [xfabric-config-context.xml]
Oct 3, 2011 2:51:36 PM org.springframework.beans.factory.support.DefaultListableBeanFactory preInstantiateSingletons
INFO: Pre-instantiating singletons in org.springframework.beans.factory.support.DefaultListableBeanFactory@6ad21538: defining beans [xFabricMongoFactory]; root of factory hierarchy
Oct 3, 2011 2:51:36 PM org.springframework.context.support.AbstractApplicationContext prepareRefresh
INFO: Refreshing org.springframework.context.support.ClassPathXmlApplicationContext@61efb003: startup date [Mon Oct 03 14:51:36 CDT 2011]; root of context hierarchy
Oct 3, 2011 2:51:36 PM org.springframework.beans.factory.xml.XmlBeanDefinitionReader loadBeanDefinitions
INFO: Loading XML bean definitions from class path resource [xfabric-config-context.xml]
Oct 3, 2011 2:51:36 PM org.springframework.beans.factory.support.DefaultListableBeanFactory preInstantiateSingletons
INFO: Pre-instantiating singletons in org.springframework.beans.factory.support.DefaultListableBeanFactory@228ab65: defining beans [xFabricMongoFactory]; root of factory hierarchy
Oct 3, 2011 2:51:36 PM org.springframework.context.support.AbstractApplicationContext prepareRefresh
INFO: Refreshing org.springframework.context.support.ClassPathXmlApplicationContext@4ea7ae01: startup date [Mon Oct 03 14:51:36 CDT 2011]; root of context hierarchy
Oct 3, 2011 2:51:36 PM org.springframework.beans.factory.xml.XmlBeanDefinitionReader loadBeanDefinitions
INFO: Loading XML bean definitions from class path resource [xfabric-config-context.xml]
Oct 3, 2011 2:51:36 PM org.springframework.beans.factory.support.DefaultListableBeanFactory preInstantiateSingletons
INFO: Pre-instantiating singletons in org.springframework.beans.factory.support.DefaultListableBeanFactory@862fb35: defining beans [xFabricMongoFactory]; root of factory hierarchy
Oct 3, 2011 2:51:36 PM com.x.infra.xfabric.util.JettyJDKLogger info
INFO: Started SelectChannelConnector@0.0.0.0:8079
Oct 3, 2011 2:51:36 PM com.x.infra.xfabric.main.LaunchWar startNewServer
INFO: Started 'xfabric-manager'
Oct 3, 2011 2:51:37 PM com.x.infra.xfabric.main.LaunchWar startNewServer
INFO: Starting 'xfabric-message-bus'
Oct 3, 2011 2:51:37 PM com.x.infra.xfabric.util.JettyJDKLogger info
INFO: jetty-6.1.x
Oct 3, 2011 2:51:37 PM com.x.infra.xfabric.util.JettyJDKLogger info
INFO: Extract /private/var/folders/lh/lhVgPjy+HeOZq-Bpi-6urkOCVy6/-Tmp-/message-bus6719322445285785310.tmp to /var/folders/lh/lhVgPjy+HeOZq-Bpi-6urkOCVy6/-Tmp-/Jetty_0_0_0_0_8080_message.bus6719322445285785310.tmp____jcbzq4/webapp
Oct 3, 2011 2:51:37 PM org.springframework.context.support.AbstractApplicationContext prepareRefresh
INFO: Refreshing org.springframework.context.support.ClassPathXmlApplicationContext@3f9f76a5: startup date [Mon Oct 03 14:51:37 CDT 2011]; root of context hierarchy
Oct 3, 2011 2:51:37 PM org.springframework.beans.factory.xml.XmlBeanDefinitionReader loadBeanDefinitions
INFO: Loading XML bean definitions from class path resource [xfabric-config-context.xml]
Oct 3, 2011 2:51:37 PM org.springframework.beans.factory.support.DefaultListableBeanFactory preInstantiateSingletons
INFO: Pre-instantiating singletons in org.springframework.beans.factory.support.DefaultListableBeanFactory@5092eb76: defining beans [xFabricMongoFactory]; root of factory hierarchy
Oct 3, 2011 2:51:38 PM com.x.infra.xfabric.message.bus.MessageBus init
INFO: Bus Config: [db:[name:XFabric,Mongo: 127.0.0.1:27017]]
Oct 3, 2011 2:51:38 PM com.x.infra.xfabric.util.JettyJDKLogger info
INFO: Started SelectChannelConnector@0.0.0.0:8080
Oct 3, 2011 2:51:38 PM com.x.infra.xfabric.main.LaunchWar startNewServer
INFO: Started 'xfabric-message-bus'
Oct 3, 2011 2:52:05 PM com.x.infra.xfabric.message.bus.impl.PublisherImpl publish
WARNING: Cannot deliver message from publisher 104 to subscriber 103 at http://localhost:8888//bid/placed: Connection to http://localhost:8888 refused
org.apache.http.conn.HttpHostConnectException: Connection to http://localhost:8888 refused
	at org.apache.http.impl.conn.DefaultClientConnectionOperator.openConnection(DefaultClientConnectionOperator.java:158)
	at org.apache.http.impl.conn.AbstractPoolEntry.open(AbstractPoolEntry.java:149)
	at org.apache.http.impl.conn.AbstractPooledConnAdapter.open(AbstractPooledConnAdapter.java:121)
	at org.apache.http.impl.client.DefaultRequestDirector.tryConnect(DefaultRequestDirector.java:561)
	at org.apache.http.impl.client.DefaultRequestDirector.execute(DefaultRequestDirector.java:415)
	at org.apache.http.impl.client.AbstractHttpClient.execute(AbstractHttpClient.java:820)
	at org.apache.http.impl.client.AbstractHttpClient.execute(AbstractHttpClient.java:754)
	at org.apache.http.impl.client.AbstractHttpClient.execute(AbstractHttpClient.java:732)
	at com.x.infra.xfabric.message.bus.impl.PublisherImpl.transmitMessage(PublisherImpl.java:208)
	at com.x.infra.xfabric.message.bus.impl.PublisherImpl.publish(PublisherImpl.java:94)
	at com.x.infra.xfabric.message.bus.memory.impl.MemoryConsumerImpl.run(MemoryConsumerImpl.java:74)
	at java.lang.Thread.run(Thread.java:680)
Caused by: java.net.ConnectException: Connection refused
	at java.net.PlainSocketImpl.socketConnect(Native Method)
	at java.net.PlainSocketImpl.doConnect(PlainSocketImpl.java:351)
	at java.net.PlainSocketImpl.connectToAddress(PlainSocketImpl.java:213)
	at java.net.PlainSocketImpl.connect(PlainSocketImpl.java:200)
	at java.net.SocksSocketImpl.connect(SocksSocketImpl.java:432)
	at java.net.Socket.connect(Socket.java:529)
	at org.apache.http.conn.scheme.PlainSocketFactory.connectSocket(PlainSocketFactory.java:123)
	at org.apache.http.impl.conn.DefaultClientConnectionOperator.openConnection(DefaultClientConnectionOperator.java:148)
	... 11 more
Oct 3, 2011 3:02:27 PM com.x.infra.xfabric.message.bus.impl.PublisherImpl publish
WARNING: Cannot deliver message from publisher 104 to subscriber 103 at http://localhost:8888//bid/placed: Connection to http://localhost:8888 refused
org.apache.http.conn.HttpHostConnectException: Connection to http://localhost:8888 refused
	at org.apache.http.impl.conn.DefaultClientConnectionOperator.openConnection(DefaultClientConnectionOperator.java:158)
	at org.apache.http.impl.conn.AbstractPoolEntry.open(AbstractPoolEntry.java:149)
	at org.apache.http.impl.conn.AbstractPooledConnAdapter.open(AbstractPooledConnAdapter.java:121)
	at org.apache.http.impl.client.DefaultRequestDirector.tryConnect(DefaultRequestDirector.java:561)
	at org.apache.http.impl.client.DefaultRequestDirector.execute(DefaultRequestDirector.java:415)
	at org.apache.http.impl.client.AbstractHttpClient.execute(AbstractHttpClient.java:820)
	at org.apache.http.impl.client.AbstractHttpClient.execute(AbstractHttpClient.java:754)
	at org.apache.http.impl.client.AbstractHttpClient.execute(AbstractHttpClient.java:732)
	at com.x.infra.xfabric.message.bus.impl.PublisherImpl.transmitMessage(PublisherImpl.java:208)
	at com.x.infra.xfabric.message.bus.impl.PublisherImpl.publish(PublisherImpl.java:94)
	at com.x.infra.xfabric.message.bus.memory.impl.MemoryConsumerImpl.run(MemoryConsumerImpl.java:74)
	at java.lang.Thread.run(Thread.java:680)
Caused by: java.net.ConnectException: Connection refused
	at java.net.PlainSocketImpl.socketConnect(Native Method)
	at java.net.PlainSocketImpl.doConnect(PlainSocketImpl.java:351)
	at java.net.PlainSocketImpl.connectToAddress(PlainSocketImpl.java:213)
	at java.net.PlainSocketImpl.connect(PlainSocketImpl.java:200)
	at java.net.SocksSocketImpl.connect(SocksSocketImpl.java:432)
	at java.net.Socket.connect(Socket.java:529)
	at org.apache.http.conn.scheme.PlainSocketFactory.connectSocket(PlainSocketFactory.java:123)
	at org.apache.http.impl.conn.DefaultClientConnectionOperator.openConnection(DefaultClientConnectionOperator.java:148)
	... 11 more
Oct 3, 2011 3:03:10 PM com.x.infra.xfabric.message.bus.impl.PublisherImpl publish
WARNING: Cannot deliver message from publisher 104 to subscriber 103 at http://localhost:8888//bid/placed: Connection to http://localhost:8888 refused
org.apache.http.conn.HttpHostConnectException: Connection to http://localhost:8888 refused
	at org.apache.http.impl.conn.DefaultClientConnectionOperator.openConnection(DefaultClientConnectionOperator.java:158)
	at org.apache.http.impl.conn.AbstractPoolEntry.open(AbstractPoolEntry.java:149)
	at org.apache.http.impl.conn.AbstractPooledConnAdapter.open(AbstractPooledConnAdapter.java:121)
	at org.apache.http.impl.client.DefaultRequestDirector.tryConnect(DefaultRequestDirector.java:561)
	at org.apache.http.impl.client.DefaultRequestDirector.execute(DefaultRequestDirector.java:415)
	at org.apache.http.impl.client.AbstractHttpClient.execute(AbstractHttpClient.java:820)
	at org.apache.http.impl.client.AbstractHttpClient.execute(AbstractHttpClient.java:754)
	at org.apache.http.impl.client.AbstractHttpClient.execute(AbstractHttpClient.java:732)
	at com.x.infra.xfabric.message.bus.impl.PublisherImpl.transmitMessage(PublisherImpl.java:208)
	at com.x.infra.xfabric.message.bus.impl.PublisherImpl.publish(PublisherImpl.java:94)
	at com.x.infra.xfabric.message.bus.memory.impl.MemoryConsumerImpl.run(MemoryConsumerImpl.java:74)
	at java.lang.Thread.run(Thread.java:680)
Caused by: java.net.ConnectException: Connection refused
	at java.net.PlainSocketImpl.socketConnect(Native Method)
	at java.net.PlainSocketImpl.doConnect(PlainSocketImpl.java:351)
	at java.net.PlainSocketImpl.connectToAddress(PlainSocketImpl.java:213)
	at java.net.PlainSocketImpl.connect(PlainSocketImpl.java:200)
	at java.net.SocksSocketImpl.connect(SocksSocketImpl.java:432)
	at java.net.Socket.connect(Socket.java:529)
	at org.apache.http.conn.scheme.PlainSocketFactory.connectSocket(PlainSocketFactory.java:123)
	at org.apache.http.impl.conn.DefaultClientConnectionOperator.openConnection(DefaultClientConnectionOperator.java:148)
	... 11 more
Oct 3, 2011 3:08:03 PM com.x.infra.xfabric.message.bus.impl.PublisherImpl publish
WARNING: Cannot deliver message from publisher 104 to subscriber 103 at http://localhost:8888//bid/placed: Connection to http://localhost:8888 refused
org.apache.http.conn.HttpHostConnectException: Connection to http://localhost:8888 refused
	at org.apache.http.impl.conn.DefaultClientConnectionOperator.openConnection(DefaultClientConnectionOperator.java:158)
	at org.apache.http.impl.conn.AbstractPoolEntry.open(AbstractPoolEntry.java:149)
	at org.apache.http.impl.conn.AbstractPooledConnAdapter.open(AbstractPooledConnAdapter.java:121)
	at org.apache.http.impl.client.DefaultRequestDirector.tryConnect(DefaultRequestDirector.java:561)
	at org.apache.http.impl.client.DefaultRequestDirector.execute(DefaultRequestDirector.java:415)
	at org.apache.http.impl.client.AbstractHttpClient.execute(AbstractHttpClient.java:820)
	at org.apache.http.impl.client.AbstractHttpClient.execute(AbstractHttpClient.java:754)
	at org.apache.http.impl.client.AbstractHttpClient.execute(AbstractHttpClient.java:732)
	at com.x.infra.xfabric.message.bus.impl.PublisherImpl.transmitMessage(PublisherImpl.java:208)
	at com.x.infra.xfabric.message.bus.impl.PublisherImpl.publish(PublisherImpl.java:94)
	at com.x.infra.xfabric.message.bus.memory.impl.MemoryConsumerImpl.run(MemoryConsumerImpl.java:74)
	at java.lang.Thread.run(Thread.java:680)
Caused by: java.net.ConnectException: Connection refused
	at java.net.PlainSocketImpl.socketConnect(Native Method)
	at java.net.PlainSocketImpl.doConnect(PlainSocketImpl.java:351)
	at java.net.PlainSocketImpl.connectToAddress(PlainSocketImpl.java:213)
	at java.net.PlainSocketImpl.connect(PlainSocketImpl.java:200)
	at java.net.SocksSocketImpl.connect(SocksSocketImpl.java:432)
	at java.net.Socket.connect(Socket.java:529)
	at org.apache.http.conn.scheme.PlainSocketFactory.connectSocket(PlainSocketFactory.java:123)
	at org.apache.http.impl.conn.DefaultClientConnectionOperator.openConnection(DefaultClientConnectionOperator.java:148)
	... 11 more
Oct 3, 2011 3:08:41 PM com.x.infra.xfabric.message.bus.impl.PublisherImpl publish
WARNING: Cannot deliver message from publisher 104 to subscriber 103 at http://localhost:8888//bid/placed: Connection to http://localhost:8888 refused
org.apache.http.conn.HttpHostConnectException: Connection to http://localhost:8888 refused
	at org.apache.http.impl.conn.DefaultClientConnectionOperator.openConnection(DefaultClientConnectionOperator.java:158)
	at org.apache.http.impl.conn.AbstractPoolEntry.open(AbstractPoolEntry.java:149)
	at org.apache.http.impl.conn.AbstractPooledConnAdapter.open(AbstractPooledConnAdapter.java:121)
	at org.apache.http.impl.client.DefaultRequestDirector.tryConnect(DefaultRequestDirector.java:561)
	at org.apache.http.impl.client.DefaultRequestDirector.execute(DefaultRequestDirector.java:415)
	at org.apache.http.impl.client.AbstractHttpClient.execute(AbstractHttpClient.java:820)
	at org.apache.http.impl.client.AbstractHttpClient.execute(AbstractHttpClient.java:754)
	at org.apache.http.impl.client.AbstractHttpClient.execute(AbstractHttpClient.java:732)
	at com.x.infra.xfabric.message.bus.impl.PublisherImpl.transmitMessage(PublisherImpl.java:208)
	at com.x.infra.xfabric.message.bus.impl.PublisherImpl.publish(PublisherImpl.java:94)
	at com.x.infra.xfabric.message.bus.memory.impl.MemoryConsumerImpl.run(MemoryConsumerImpl.java:74)
	at java.lang.Thread.run(Thread.java:680)
Caused by: java.net.ConnectException: Connection refused
	at java.net.PlainSocketImpl.socketConnect(Native Method)
	at java.net.PlainSocketImpl.doConnect(PlainSocketImpl.java:351)
	at java.net.PlainSocketImpl.connectToAddress(PlainSocketImpl.java:213)
	at java.net.PlainSocketImpl.connect(PlainSocketImpl.java:200)
	at java.net.SocksSocketImpl.connect(SocksSocketImpl.java:432)
	at java.net.Socket.connect(Socket.java:529)
	at org.apache.http.conn.scheme.PlainSocketFactory.connectSocket(PlainSocketFactory.java:123)
	at org.apache.http.impl.conn.DefaultClientConnectionOperator.openConnection(DefaultClientConnectionOperator.java:148)
	... 11 more
Oct 3, 2011 3:09:45 PM com.x.infra.xfabric.message.bus.impl.PublisherImpl publish
WARNING: Cannot deliver message from publisher 104 to subscriber 103 at http://localhost:8888//bid/placed: Connection to http://localhost:8888 refused
org.apache.http.conn.HttpHostConnectException: Connection to http://localhost:8888 refused
	at org.apache.http.impl.conn.DefaultClientConnectionOperator.openConnection(DefaultClientConnectionOperator.java:158)
	at org.apache.http.impl.conn.AbstractPoolEntry.open(AbstractPoolEntry.java:149)
	at org.apache.http.impl.conn.AbstractPooledConnAdapter.open(AbstractPooledConnAdapter.java:121)
	at org.apache.http.impl.client.DefaultRequestDirector.tryConnect(DefaultRequestDirector.java:561)
	at org.apache.http.impl.client.DefaultRequestDirector.execute(DefaultRequestDirector.java:415)
	at org.apache.http.impl.client.AbstractHttpClient.execute(AbstractHttpClient.java:820)
	at org.apache.http.impl.client.AbstractHttpClient.execute(AbstractHttpClient.java:754)
	at org.apache.http.impl.client.AbstractHttpClient.execute(AbstractHttpClient.java:732)
	at com.x.infra.xfabric.message.bus.impl.PublisherImpl.transmitMessage(PublisherImpl.java:208)
	at com.x.infra.xfabric.message.bus.impl.PublisherImpl.publish(PublisherImpl.java:94)
	at com.x.infra.xfabric.message.bus.memory.impl.MemoryConsumerImpl.run(MemoryConsumerImpl.java:74)
	at java.lang.Thread.run(Thread.java:680)
Caused by: java.net.ConnectException: Connection refused
	at java.net.PlainSocketImpl.socketConnect(Native Method)
	at java.net.PlainSocketImpl.doConnect(PlainSocketImpl.java:351)
	at java.net.PlainSocketImpl.connectToAddress(PlainSocketImpl.java:213)
	at java.net.PlainSocketImpl.connect(PlainSocketImpl.java:200)
	at java.net.SocksSocketImpl.connect(SocksSocketImpl.java:432)
	at java.net.Socket.connect(Socket.java:529)
	at org.apache.http.conn.scheme.PlainSocketFactory.connectSocket(PlainSocketFactory.java:123)
	at org.apache.http.impl.conn.DefaultClientConnectionOperator.openConnection(DefaultClientConnectionOperator.java:148)
	... 11 more
Oct 3, 2011 3:11:29 PM com.x.infra.xfabric.message.bus.impl.PublisherImpl publish
WARNING: Cannot deliver message from publisher 104 to subscriber 103 at http://localhost:8888//bid/placed: Connection to http://localhost:8888 refused
org.apache.http.conn.HttpHostConnectException: Connection to http://localhost:8888 refused
	at org.apache.http.impl.conn.DefaultClientConnectionOperator.openConnection(DefaultClientConnectionOperator.java:158)
	at org.apache.http.impl.conn.AbstractPoolEntry.open(AbstractPoolEntry.java:149)
	at org.apache.http.impl.conn.AbstractPooledConnAdapter.open(AbstractPooledConnAdapter.java:121)
	at org.apache.http.impl.client.DefaultRequestDirector.tryConnect(DefaultRequestDirector.java:561)
	at org.apache.http.impl.client.DefaultRequestDirector.execute(DefaultRequestDirector.java:415)
	at org.apache.http.impl.client.AbstractHttpClient.execute(AbstractHttpClient.java:820)
	at org.apache.http.impl.client.AbstractHttpClient.execute(AbstractHttpClient.java:754)
	at org.apache.http.impl.client.AbstractHttpClient.execute(AbstractHttpClient.java:732)
	at com.x.infra.xfabric.message.bus.impl.PublisherImpl.transmitMessage(PublisherImpl.java:208)
	at com.x.infra.xfabric.message.bus.impl.PublisherImpl.publish(PublisherImpl.java:94)
	at com.x.infra.xfabric.message.bus.memory.impl.MemoryConsumerImpl.run(MemoryConsumerImpl.java:74)
	at java.lang.Thread.run(Thread.java:680)
Caused by: java.net.ConnectException: Connection refused
	at java.net.PlainSocketImpl.socketConnect(Native Method)
	at java.net.PlainSocketImpl.doConnect(PlainSocketImpl.java:351)
	at java.net.PlainSocketImpl.connectToAddress(PlainSocketImpl.java:213)
	at java.net.PlainSocketImpl.connect(PlainSocketImpl.java:200)
	at java.net.SocksSocketImpl.connect(SocksSocketImpl.java:432)
	at java.net.Socket.connect(Socket.java:529)
	at org.apache.http.conn.scheme.PlainSocketFactory.connectSocket(PlainSocketFactory.java:123)
	at org.apache.http.impl.conn.DefaultClientConnectionOperator.openConnection(DefaultClientConnectionOperator.java:148)
	... 11 more
Oct 3, 2011 3:12:47 PM com.x.infra.xfabric.message.bus.impl.PublisherImpl publish
WARNING: Cannot deliver message from publisher 104 to subscriber 103 at http://localhost:8888//bid/placed: Connection to http://localhost:8888 refused
org.apache.http.conn.HttpHostConnectException: Connection to http://localhost:8888 refused
	at org.apache.http.impl.conn.DefaultClientConnectionOperator.openConnection(DefaultClientConnectionOperator.java:158)
	at org.apache.http.impl.conn.AbstractPoolEntry.open(AbstractPoolEntry.java:149)
	at org.apache.http.impl.conn.AbstractPooledConnAdapter.open(AbstractPooledConnAdapter.java:121)
	at org.apache.http.impl.client.DefaultRequestDirector.tryConnect(DefaultRequestDirector.java:561)
	at org.apache.http.impl.client.DefaultRequestDirector.execute(DefaultRequestDirector.java:415)
	at org.apache.http.impl.client.AbstractHttpClient.execute(AbstractHttpClient.java:820)
	at org.apache.http.impl.client.AbstractHttpClient.execute(AbstractHttpClient.java:754)
	at org.apache.http.impl.client.AbstractHttpClient.execute(AbstractHttpClient.java:732)
	at com.x.infra.xfabric.message.bus.impl.PublisherImpl.transmitMessage(PublisherImpl.java:208)
	at com.x.infra.xfabric.message.bus.impl.PublisherImpl.publish(PublisherImpl.java:94)
	at com.x.infra.xfabric.message.bus.memory.impl.MemoryConsumerImpl.run(MemoryConsumerImpl.java:74)
	at java.lang.Thread.run(Thread.java:680)
Caused by: java.net.ConnectException: Connection refused
	at java.net.PlainSocketImpl.socketConnect(Native Method)
	at java.net.PlainSocketImpl.doConnect(PlainSocketImpl.java:351)
	at java.net.PlainSocketImpl.connectToAddress(PlainSocketImpl.java:213)
	at java.net.PlainSocketImpl.connect(PlainSocketImpl.java:200)
	at java.net.SocksSocketImpl.connect(SocksSocketImpl.java:432)
	at java.net.Socket.connect(Socket.java:529)
	at org.apache.http.conn.scheme.PlainSocketFactory.connectSocket(PlainSocketFactory.java:123)
	at org.apache.http.impl.conn.DefaultClientConnectionOperator.openConnection(DefaultClientConnectionOperator.java:148)
	... 11 more
